This is XeTeX, Version 3.141592653-2.6-0.999994 (TeX Live 2022) (preloaded format=xelatex 2022.9.17)  26 AUG 2024 21:38
entering extended mode
 restricted \write18 enabled.
 %&-line parsing enabled.
**variable_def_and_maps.tex
(./variable_def_and_maps.tex
LaTeX2e <2022-06-01> patch level 5
L3 programming layer <2022-08-30>

! LaTeX Error: File `scrartcl.cls' not found.

Type X to quit or <RETURN> to proceed,
or enter new name. (Default extension: cls)

Enter file name: 
! Emergency stop.
<read *> 
         
l.10 ^^M
         
Here is how much of TeX's memory you used:
 31 strings out of 477747
 607 string characters out of 5842037
 325340 words of memory out of 5000000
 21180 multiletter control sequences out of 15000+600000
 469259 words of font info for 28 fonts, out of 8000000 for 9000
 14 hyphenation exceptions out of 8191
 19i,0n,29p,119b,17s stack positions out of 10000i,1000n,20000p,200000b,200000s

No pages of output.
